GPIO.RPI_REVISION: 2
GPIO.VERSION: 0.5.3a
Framebuffer size: 656 x 416
CylonAlarm version: 0.3.0

16/11/13 20:38.43 [Ypogeio] [92mRunning...[0m Press Ctrl+C to exit
16/11/13 20:38.43 [Ypogeio] [93mDeactivated[0m

16/11/13 20:38.43 [Spiti] [92mRunning...[0m Press Ctrl+C to exit
16/11/13 20:38.43 [Spiti] [93mDeactivated[0m
16/11/13 20:38.52 [Spiti] Activating in 15 seconds...
16/11/13 20:38.55 [Spiti] [93mDeactivated[0m
16/11/13 20:39.27 [Spiti] Activating in 15 seconds...
16/11/13 20:39.30 [Spiti] [93mDeactivated[0m
16/11/13 20:41.18 [Spiti] Activating in 15 seconds...
16/11/13 20:41.21 [Spiti] [93mDeactivated[0m
16/11/13 20:43.07 [Spiti] Activating in 15 seconds...
16/11/13 20:43.15 [Spiti] [93mDeactivated[0m
16/11/13 21:30.19 [Spiti] Activating in 15 seconds...
16/11/13 21:30.25 [Spiti] [93mDeactivated[0m
17/11/13 01:30.53 [Spiti] Activating in 15 seconds...
17/11/13 01:31.03 [Spiti] [93mDeactivated[0m
17/11/13 08:41.07 [Spiti] Activating in 15 seconds...
17/11/13 08:41.12 [Spiti] [93mDeactivated[0m
17/11/13 08:41.18 [Spiti] Activating in 15 seconds...
17/11/13 08:41.23 [Spiti] [93mDeactivated[0m
17/11/13 08:41.30 [Spiti] Activating in 15 seconds...
17/11/13 08:41.35 [Spiti] [93mDeactivated[0m
17/11/13 08:41.39 [Spiti] Activating in 15 seconds...
17/11/13 08:41.42 [Spiti] [93mDeactivated[0m
17/11/13 12:00.07 [Spiti] Activating in 15 seconds...
17/11/13 12:00.11 [Spiti] [93mDeactivated[0m
17/11/13 15:40.22 [Spiti] Activating in 15 seconds...
17/11/13 15:40.27 [Spiti] [93mDeactivated[0m
17/11/13 20:01.35 [Spiti] Activating in 15 seconds...
17/11/13 20:01.40 [Spiti] [93mDeactivated[0m
17/11/13 21:53.40 [Spiti] Activating in 15 seconds...
17/11/13 21:53.43 [Spiti] [93mDeactivated[0m
17/11/13 23:58.25 [Spiti] Activating in 15 seconds...
17/11/13 23:58.29 [Spiti] [93mDeactivated[0m
18/11/13 03:52.22 [Spiti] Activating in 15 seconds...
18/11/13 03:52.25 [Spiti] [93mDeactivated[0m
18/11/13 14:29.08 [Spiti] Activating in 15 seconds...
18/11/13 14:29.12 [Spiti] [93mDeactivated[0m
19/11/13 03:56.07 [Spiti] Activating in 15 seconds...
19/11/13 03:56.12 [Spiti] [93mDeactivated[0m
19/11/13 13:15.46 [Spiti] Activating in 15 seconds...
19/11/13 13:15.51 [Spiti] [93mDeactivated[0m
19/11/13 14:35.47 [Spiti] Activating in 15 seconds...
19/11/13 14:35.53 [Spiti] [93mDeactivated[0m
19/11/13 14:37.16 [Spiti] Activating in 15 seconds...
19/11/13 14:37.19 [Spiti] [93mDeactivated[0m
19/11/13 14:37.49 [Ypogeio] Activating in 15 seconds...
19/11/13 14:37.53 [Ypogeio] [93mDeactivated[0m
19/11/13 14:42.48 [Spiti] Activating in 15 seconds...
19/11/13 14:42.52 [Spiti] [93mDeactivated[0m
19/11/13 14:51.48 [Spiti] Activating in 15 seconds...
19/11/13 14:51.51 [Spiti] [93mDeactivated[0m
19/11/13 14:53.13 [Spiti] Activating in 15 seconds...
19/11/13 14:53.17 [Spiti] [93mDeactivated[0m
19/11/13 14:53.47 [Spiti] Activating in 15 seconds...
19/11/13 14:53.52 [Spiti] [93mDeactivated[0m
19/11/13 14:54.28 [Spiti] Activating in 15 seconds...
19/11/13 14:54.34 [Spiti] [93mDeactivated[0m
19/11/13 14:55.07 [Spiti] Activating in 15 seconds...
19/11/13 14:55.12 [Spiti] [93mDeactivated[0m
19/11/13 14:56.14 [Spiti] Activating in 15 seconds...
19/11/13 14:56.29 [Spiti] [93mActivated[0m
19/11/13 14:56.59 [Spiti] [93mDeactivated[0m
19/11/13 14:58.25 [Spiti] Activating in 15 seconds...
19/11/13 14:58.30 [Spiti] [93mDeactivated[0m
19/11/13 14:59.42 [Spiti] Activating in 15 seconds...
19/11/13 14:59.47 [Spiti] [93mDeactivated[0m
19/11/13 15:01.57 [Spiti] Activating in 15 seconds...
19/11/13 15:02.03 [Spiti] [93mDeactivated[0m
19/11/13 15:30.15 [Spiti] Activating in 15 seconds...
19/11/13 15:30.20 [Spiti] [93mDeactivated[0m
19/11/13 15:31.35 [Spiti] Activating in 15 seconds...
19/11/13 15:31.40 [Spiti] [93mDeactivated[0m
19/11/13 15:50.56 [Spiti] Activating in 15 seconds...
19/11/13 15:50.57 [Spiti] [93mDeactivated[0m
19/11/13 15:50.57 [Spiti] Activating in 15 seconds...
19/11/13 15:51.05 [Spiti] [93mDeactivated[0m
19/11/13 15:51.43 [Spiti] Activating in 15 seconds...
19/11/13 15:51.49 [Spiti] Exception in thread Thread-14:
Traceback (most recent call last):
  File "/usr/lib/python2.7/threading.py", line 552, in __bootstrap_inner
    self.run()
  File "/usr/lib/python2.7/threading.py", line 505, in run
    self.__target(*self.__args, **self.__kwargs)
  File "/home/pi/CylonAlarm/threads.py", line 54, in thread_action
    data = pickle.loads(data)
  File "/usr/lib/python2.7/pickle.py", line 1382, in loads
    return Unpickler(file).load()
  File "/usr/lib/python2.7/pickle.py", line 858, in load
    dispatch[key](self)
KeyError: '{'

